2023-06-19 14:08:58,722INFO StartupInfoLogger:51-[]Starting StudentApplication using Java 17.0.6 with PID 23056 (C:\Users\AkashMaurya\Desktop\Student\Student\target\classes started by AkashMaurya in C:\Users\AkashMaurya\Desktop\Student\Student)
2023-06-19 14:08:58,735INFO SpringApplication:639-[]The following 1 profile is active: "dev"
2023-06-19 14:09:00,287INFO RepositoryConfigurationDelegate:138-[]Bootstrapping Spring Data MongoDB repositories in DEFAULT mode.
2023-06-19 14:09:00,634INFO RepositoryConfigurationDelegate:208-[]Finished Spring Data repository scanning in 336 ms. Found 1 MongoDB repository interfaces.
2023-06-19 14:09:01,737INFO TomcatWebServer:108-[]Tomcat initialized with port(s): 9091 (http)
2023-06-19 14:09:01,758INFO DirectJDKLog:173-[]Starting service [Tomcat]
2023-06-19 14:09:01,759INFO DirectJDKLog:173-[]Starting Servlet engine: [Apache Tomcat/10.1.8]
2023-06-19 14:09:01,981INFO DirectJDKLog:173-[]Initializing Spring embedded WebApplicationContext
2023-06-19 14:09:01,982INFO ServletWebServerApplicationContext:291-[]Root WebApplicationContext: initialization completed in 3129 ms
2023-06-19 14:09:02,511INFO SLF4JLogger:71-[]MongoClient with metadata {"driver": {"name": "mongo-java-driver|sync|spring-boot", "version": "4.9.1"}, "os": {"type": "Windows", "name": "Windows 11", "architecture": "amd64", "version": "10.0"}, "platform": "Java/Eclipse Adoptium/17.0.6+10"} created with settings MongoClientSettings{readPreference=primary, writeConcern=WriteConcern{w=null, wTimeout=null ms, journal=null}, retryWrites=true, retryReads=true, readConcern=ReadConcern{level=null}, credential=null, streamFactoryFactory=null, commandListeners=[], codecRegistry=ProvidersCodecRegistry{codecProviders=[ValueCodecProvider{}, BsonValueCodecProvider{}, DBRefCodecProvider{}, DBObjectCodecProvider{}, DocumentCodecProvider{}, CollectionCodecProvider{}, IterableCodecProvider{}, MapCodecProvider{}, GeoJsonCodecProvider{}, GridFSFileCodecProvider{}, Jsr310CodecProvider{}, JsonObjectCodecProvider{}, BsonCodecProvider{}, EnumCodecProvider{}, com.mongodb.client.model.mql.ExpressionCodecProvider@7d484fcd, com.mongodb.Jep395RecordCodecProvider@788e3702]}, loggerSettings=LoggerSettings{maxDocumentLength=1000}, clusterSettings={hosts=[localhost:27017], srvServiceName=mongodb, mode=SINGLE, requiredClusterType=UNKNOWN, requiredReplicaSetName='null', serverSelector='null', clusterListeners='[]', serverSelectionTimeout='30000 ms', localThreshold='30000 ms'}, socketSettings=SocketSettings{connectTimeoutMS=10000, readTimeoutMS=0, receiveBufferSize=0, sendBufferSize=0}, heartbeatSocketSettings=SocketSettings{connectTimeoutMS=10000, readTimeoutMS=10000, receiveBufferSize=0, sendBufferSize=0}, connectionPoolSettings=ConnectionPoolSettings{maxSize=100, minSize=0, maxWaitTimeMS=120000, maxConnectionLifeTimeMS=0, maxConnectionIdleTimeMS=0, maintenanceInitialDelayMS=0, maintenanceFrequencyMS=60000, connectionPoolListeners=[], maxConnecting=2}, serverSettings=ServerSettings{heartbeatFrequencyMS=10000, minHeartbeatFrequencyMS=500, serverListeners='[]', serverMonitorListeners='[]'}, sslSettings=SslSettings{enabled=false, invalidHostNameAllowed=false, context=null}, applicationName='null', compressorList=[], uuidRepresentation=JAVA_LEGACY, serverApi=null, autoEncryptionSettings=null, contextProvider=null}
2023-06-19 14:09:02,537INFO SLF4JLogger:71-[]Monitor thread successfully connected to server with description ServerDescription{address=localhost:27017, type=STANDALONE, state=CONNECTED, ok=true, minWireVersion=0, maxWireVersion=17, maxDocumentSize=16777216, logicalSessionTimeoutMinutes=30, roundTripTimeNanos=48851500}
2023-06-19 14:09:03,795INFO TomcatWebServer:220-[]Tomcat started on port(s): 9091 (http) with context path ''
2023-06-19 14:09:03,813INFO StartupInfoLogger:57-[]Started StudentApplication in 6.134 seconds (process running for 8.264)
2023-06-19 14:09:14,013INFO DirectJDKLog:173-[]Initializing Spring DispatcherServlet 'dispatcherServlet'
2023-06-19 14:09:14,014INFO FrameworkServlet:532-[]Initializing Servlet 'dispatcherServlet'
2023-06-19 14:09:14,016INFO FrameworkServlet:554-[]Completed initialization in 1 ms
2023-06-19 14:35:20,474INFO SpringApplicationAdminMXBeanRegistrar$SpringApplicationAdmin:159-[]Application shutdown requested.
2023-06-19 14:35:20,488INFO DirectJDKLog:173-[]Stopping service [Tomcat]
2023-06-19 14:35:20,492INFO DirectJDKLog:173-[]Destroying Spring FrameworkServlet 'dispatcherServlet'
2023-06-19 14:35:24,036INFO StartupInfoLogger:51-[]Starting StudentApplication using Java 17.0.6 with PID 20928 (C:\Users\AkashMaurya\Desktop\Student\Student\target\classes started by AkashMaurya in C:\Users\AkashMaurya\Desktop\Student\Student)
2023-06-19 14:35:24,041INFO SpringApplication:639-[]The following 1 profile is active: "dev"
2023-06-19 14:35:25,052INFO RepositoryConfigurationDelegate:138-[]Bootstrapping Spring Data MongoDB repositories in DEFAULT mode.
2023-06-19 14:35:25,258INFO RepositoryConfigurationDelegate:208-[]Finished Spring Data repository scanning in 199 ms. Found 1 MongoDB repository interfaces.
2023-06-19 14:35:25,953INFO TomcatWebServer:108-[]Tomcat initialized with port(s): 9091 (http)
2023-06-19 14:35:25,971INFO DirectJDKLog:173-[]Starting service [Tomcat]
2023-06-19 14:35:25,971INFO DirectJDKLog:173-[]Starting Servlet engine: [Apache Tomcat/10.1.8]
2023-06-19 14:35:26,135INFO DirectJDKLog:173-[]Initializing Spring embedded WebApplicationContext
2023-06-19 14:35:26,136INFO ServletWebServerApplicationContext:291-[]Root WebApplicationContext: initialization completed in 2028 ms
2023-06-19 14:35:26,500INFO SLF4JLogger:71-[]MongoClient with metadata {"driver": {"name": "mongo-java-driver|sync|spring-boot", "version": "4.9.1"}, "os": {"type": "Windows", "name": "Windows 11", "architecture": "amd64", "version": "10.0"}, "platform": "Java/Eclipse Adoptium/17.0.6+10"} created with settings MongoClientSettings{readPreference=primary, writeConcern=WriteConcern{w=null, wTimeout=null ms, journal=null}, retryWrites=true, retryReads=true, readConcern=ReadConcern{level=null}, credential=null, streamFactoryFactory=null, commandListeners=[], codecRegistry=ProvidersCodecRegistry{codecProviders=[ValueCodecProvider{}, BsonValueCodecProvider{}, DBRefCodecProvider{}, DBObjectCodecProvider{}, DocumentCodecProvider{}, CollectionCodecProvider{}, IterableCodecProvider{}, MapCodecProvider{}, GeoJsonCodecProvider{}, GridFSFileCodecProvider{}, Jsr310CodecProvider{}, JsonObjectCodecProvider{}, BsonCodecProvider{}, EnumCodecProvider{}, com.mongodb.client.model.mql.ExpressionCodecProvider@26b3c9a2, com.mongodb.Jep395RecordCodecProvider@241b971f]}, loggerSettings=LoggerSettings{maxDocumentLength=1000}, clusterSettings={hosts=[localhost:27017], srvServiceName=mongodb, mode=SINGLE, requiredClusterType=UNKNOWN, requiredReplicaSetName='null', serverSelector='null', clusterListeners='[]', serverSelectionTimeout='30000 ms', localThreshold='30000 ms'}, socketSettings=SocketSettings{connectTimeoutMS=10000, readTimeoutMS=0, receiveBufferSize=0, sendBufferSize=0}, heartbeatSocketSettings=SocketSettings{connectTimeoutMS=10000, readTimeoutMS=10000, receiveBufferSize=0, sendBufferSize=0}, connectionPoolSettings=ConnectionPoolSettings{maxSize=100, minSize=0, maxWaitTimeMS=120000, maxConnectionLifeTimeMS=0, maxConnectionIdleTimeMS=0, maintenanceInitialDelayMS=0, maintenanceFrequencyMS=60000, connectionPoolListeners=[], maxConnecting=2}, serverSettings=ServerSettings{heartbeatFrequencyMS=10000, minHeartbeatFrequencyMS=500, serverListeners='[]', serverMonitorListeners='[]'}, sslSettings=SslSettings{enabled=false, invalidHostNameAllowed=false, context=null}, applicationName='null', compressorList=[], uuidRepresentation=JAVA_LEGACY, serverApi=null, autoEncryptionSettings=null, contextProvider=null}
2023-06-19 14:35:26,528INFO SLF4JLogger:71-[]Monitor thread successfully connected to server with description ServerDescription{address=localhost:27017, type=STANDALONE, state=CONNECTED, ok=true, minWireVersion=0, maxWireVersion=17, maxDocumentSize=16777216, logicalSessionTimeoutMinutes=30, roundTripTimeNanos=44878100}
2023-06-19 14:35:27,613INFO TomcatWebServer:220-[]Tomcat started on port(s): 9091 (http) with context path ''
2023-06-19 14:35:27,629INFO StartupInfoLogger:57-[]Started StudentApplication in 4.183 seconds (process running for 5.681)
2023-06-19 14:36:32,679INFO DirectJDKLog:173-[]Initializing Spring DispatcherServlet 'dispatcherServlet'
2023-06-19 14:36:32,680INFO FrameworkServlet:532-[]Initializing Servlet 'dispatcherServlet'
2023-06-19 14:36:32,683INFO FrameworkServlet:554-[]Completed initialization in 2 ms
2023-06-19 14:37:51,362INFO StudentController:170-[]File uploaded successfully.
2023-06-19 14:50:06,805INFO SpringApplicationAdminMXBeanRegistrar$SpringApplicationAdmin:159-[]Application shutdown requested.
2023-06-19 14:50:06,834INFO DirectJDKLog:173-[]Stopping service [Tomcat]
2023-06-19 14:50:06,839INFO DirectJDKLog:173-[]Destroying Spring FrameworkServlet 'dispatcherServlet'
2023-06-19 14:50:11,004INFO StartupInfoLogger:51-[]Starting StudentApplication using Java 17.0.6 with PID 24780 (C:\Users\AkashMaurya\Desktop\Student\Student\target\classes started by AkashMaurya in C:\Users\AkashMaurya\Desktop\Student\Student)
2023-06-19 14:50:11,010INFO SpringApplication:639-[]The following 1 profile is active: "dev"
2023-06-19 14:50:12,082INFO RepositoryConfigurationDelegate:138-[]Bootstrapping Spring Data MongoDB repositories in DEFAULT mode.
2023-06-19 14:50:12,273INFO RepositoryConfigurationDelegate:208-[]Finished Spring Data repository scanning in 186 ms. Found 1 MongoDB repository interfaces.
2023-06-19 14:50:12,917INFO TomcatWebServer:108-[]Tomcat initialized with port(s): 9091 (http)
2023-06-19 14:50:12,943INFO DirectJDKLog:173-[]Starting service [Tomcat]
2023-06-19 14:50:12,943INFO DirectJDKLog:173-[]Starting Servlet engine: [Apache Tomcat/10.1.8]
2023-06-19 14:50:13,091INFO DirectJDKLog:173-[]Initializing Spring embedded WebApplicationContext
2023-06-19 14:50:13,091INFO ServletWebServerApplicationContext:291-[]Root WebApplicationContext: initialization completed in 1993 ms
2023-06-19 14:50:13,511INFO SLF4JLogger:71-[]MongoClient with metadata {"driver": {"name": "mongo-java-driver|sync|spring-boot", "version": "4.9.1"}, "os": {"type": "Windows", "name": "Windows 11", "architecture": "amd64", "version": "10.0"}, "platform": "Java/Eclipse Adoptium/17.0.6+10"} created with settings MongoClientSettings{readPreference=primary, writeConcern=WriteConcern{w=null, wTimeout=null ms, journal=null}, retryWrites=true, retryReads=true, readConcern=ReadConcern{level=null}, credential=null, streamFactoryFactory=null, commandListeners=[], codecRegistry=ProvidersCodecRegistry{codecProviders=[ValueCodecProvider{}, BsonValueCodecProvider{}, DBRefCodecProvider{}, DBObjectCodecProvider{}, DocumentCodecProvider{}, CollectionCodecProvider{}, IterableCodecProvider{}, MapCodecProvider{}, GeoJsonCodecProvider{}, GridFSFileCodecProvider{}, Jsr310CodecProvider{}, JsonObjectCodecProvider{}, BsonCodecProvider{}, EnumCodecProvider{}, com.mongodb.client.model.mql.ExpressionCodecProvider@c9b5a99, com.mongodb.Jep395RecordCodecProvider@70be89ec]}, loggerSettings=LoggerSettings{maxDocumentLength=1000}, clusterSettings={hosts=[localhost:27017], srvServiceName=mongodb, mode=SINGLE, requiredClusterType=UNKNOWN, requiredReplicaSetName='null', serverSelector='null', clusterListeners='[]', serverSelectionTimeout='30000 ms', localThreshold='30000 ms'}, socketSettings=SocketSettings{connectTimeoutMS=10000, readTimeoutMS=0, receiveBufferSize=0, sendBufferSize=0}, heartbeatSocketSettings=SocketSettings{connectTimeoutMS=10000, readTimeoutMS=10000, receiveBufferSize=0, sendBufferSize=0}, connectionPoolSettings=ConnectionPoolSettings{maxSize=100, minSize=0, maxWaitTimeMS=120000, maxConnectionLifeTimeMS=0, maxConnectionIdleTimeMS=0, maintenanceInitialDelayMS=0, maintenanceFrequencyMS=60000, connectionPoolListeners=[], maxConnecting=2}, serverSettings=ServerSettings{heartbeatFrequencyMS=10000, minHeartbeatFrequencyMS=500, serverListeners='[]', serverMonitorListeners='[]'}, sslSettings=SslSettings{enabled=false, invalidHostNameAllowed=false, context=null}, applicationName='null', compressorList=[], uuidRepresentation=JAVA_LEGACY, serverApi=null, autoEncryptionSettings=null, contextProvider=null}
2023-06-19 14:50:13,532INFO SLF4JLogger:71-[]Monitor thread successfully connected to server with description ServerDescription{address=localhost:27017, type=STANDALONE, state=CONNECTED, ok=true, minWireVersion=0, maxWireVersion=17, maxDocumentSize=16777216, logicalSessionTimeoutMinutes=30, roundTripTimeNanos=39167100}
2023-06-19 14:50:14,736INFO TomcatWebServer:220-[]Tomcat started on port(s): 9091 (http) with context path ''
2023-06-19 14:50:14,749INFO StartupInfoLogger:57-[]Started StudentApplication in 4.335 seconds (process running for 6.09)
2023-06-19 14:56:42,630INFO SpringApplicationAdminMXBeanRegistrar$SpringApplicationAdmin:159-[]Application shutdown requested.
2023-06-19 14:56:42,641INFO DirectJDKLog:173-[]Stopping service [Tomcat]
2023-06-19 14:56:46,050INFO StartupInfoLogger:51-[]Starting StudentApplication using Java 17.0.6 with PID 26736 (C:\Users\AkashMaurya\Desktop\Student\Student\target\classes started by AkashMaurya in C:\Users\AkashMaurya\Desktop\Student\Student)
2023-06-19 14:56:46,055INFO SpringApplication:639-[]The following 1 profile is active: "dev"
2023-06-19 14:56:47,067INFO RepositoryConfigurationDelegate:138-[]Bootstrapping Spring Data MongoDB repositories in DEFAULT mode.
2023-06-19 14:56:47,264INFO RepositoryConfigurationDelegate:208-[]Finished Spring Data repository scanning in 190 ms. Found 1 MongoDB repository interfaces.
2023-06-19 14:56:47,889INFO TomcatWebServer:108-[]Tomcat initialized with port(s): 9091 (http)
2023-06-19 14:56:47,913INFO DirectJDKLog:173-[]Starting service [Tomcat]
2023-06-19 14:56:47,915INFO DirectJDKLog:173-[]Starting Servlet engine: [Apache Tomcat/10.1.8]
2023-06-19 14:56:48,062INFO DirectJDKLog:173-[]Initializing Spring embedded WebApplicationContext
2023-06-19 14:56:48,063INFO ServletWebServerApplicationContext:291-[]Root WebApplicationContext: initialization completed in 1935 ms
2023-06-19 14:56:48,480INFO SLF4JLogger:71-[]MongoClient with metadata {"driver": {"name": "mongo-java-driver|sync|spring-boot", "version": "4.9.1"}, "os": {"type": "Windows", "name": "Windows 11", "architecture": "amd64", "version": "10.0"}, "platform": "Java/Eclipse Adoptium/17.0.6+10"} created with settings MongoClientSettings{readPreference=primary, writeConcern=WriteConcern{w=null, wTimeout=null ms, journal=null}, retryWrites=true, retryReads=true, readConcern=ReadConcern{level=null}, credential=null, streamFactoryFactory=null, commandListeners=[], codecRegistry=ProvidersCodecRegistry{codecProviders=[ValueCodecProvider{}, BsonValueCodecProvider{}, DBRefCodecProvider{}, DBObjectCodecProvider{}, DocumentCodecProvider{}, CollectionCodecProvider{}, IterableCodecProvider{}, MapCodecProvider{}, GeoJsonCodecProvider{}, GridFSFileCodecProvider{}, Jsr310CodecProvider{}, JsonObjectCodecProvider{}, BsonCodecProvider{}, EnumCodecProvider{}, com.mongodb.client.model.mql.ExpressionCodecProvider@6562cc23, com.mongodb.Jep395RecordCodecProvider@2ce524d2]}, loggerSettings=LoggerSettings{maxDocumentLength=1000}, clusterSettings={hosts=[localhost:27017], srvServiceName=mongodb, mode=SINGLE, requiredClusterType=UNKNOWN, requiredReplicaSetName='null', serverSelector='null', clusterListeners='[]', serverSelectionTimeout='30000 ms', localThreshold='30000 ms'}, socketSettings=SocketSettings{connectTimeoutMS=10000, readTimeoutMS=0, receiveBufferSize=0, sendBufferSize=0}, heartbeatSocketSettings=SocketSettings{connectTimeoutMS=10000, readTimeoutMS=10000, receiveBufferSize=0, sendBufferSize=0}, connectionPoolSettings=ConnectionPoolSettings{maxSize=100, minSize=0, maxWaitTimeMS=120000, maxConnectionLifeTimeMS=0, maxConnectionIdleTimeMS=0, maintenanceInitialDelayMS=0, maintenanceFrequencyMS=60000, connectionPoolListeners=[], maxConnecting=2}, serverSettings=ServerSettings{heartbeatFrequencyMS=10000, minHeartbeatFrequencyMS=500, serverListeners='[]', serverMonitorListeners='[]'}, sslSettings=SslSettings{enabled=false, invalidHostNameAllowed=false, context=null}, applicationName='null', compressorList=[], uuidRepresentation=JAVA_LEGACY, serverApi=null, autoEncryptionSettings=null, contextProvider=null}
2023-06-19 14:56:48,497INFO SLF4JLogger:71-[]Monitor thread successfully connected to server with description ServerDescription{address=localhost:27017, type=STANDALONE, state=CONNECTED, ok=true, minWireVersion=0, maxWireVersion=17, maxDocumentSize=16777216, logicalSessionTimeoutMinutes=30, roundTripTimeNanos=39550000}
2023-06-19 14:56:49,605INFO TomcatWebServer:220-[]Tomcat started on port(s): 9091 (http) with context path ''
2023-06-19 14:56:49,621INFO StartupInfoLogger:57-[]Started StudentApplication in 4.21 seconds (process running for 5.632)
2023-06-19 15:00:23,431INFO DirectJDKLog:173-[]Initializing Spring DispatcherServlet 'dispatcherServlet'
2023-06-19 15:00:23,434INFO FrameworkServlet:532-[]Initializing Servlet 'dispatcherServlet'
2023-06-19 15:00:23,440INFO FrameworkServlet:554-[]Completed initialization in 5 ms
2023-06-19 15:10:52,882INFO StudentController:185-[]4 number of files uploaded
2023-06-19 15:12:04,041INFO StudentServiceImpl:250-[]File name: student.pdf
2023-06-19 15:12:04,962INFO StudentServiceImpl:251-[]Content type: application/pdf
2023-06-19 15:12:05,970INFO StudentServiceImpl:252-[]File size: 1310 bytes
2023-06-19 15:12:06,700INFO StudentServiceImpl:253-[]File uploaded successfully
2023-06-19 15:13:30,102INFO StudentServiceImpl:250-[]File name: Student.xls
2023-06-19 15:13:30,959INFO StudentServiceImpl:251-[]Content type: application/vnd.ms-excel
2023-06-19 15:13:31,893INFO StudentServiceImpl:252-[]File size: 8192 bytes
2023-06-19 15:13:33,604INFO StudentServiceImpl:253-[]File uploaded successfully
2023-06-19 15:17:13,303INFO StudentServiceImpl:250-[]File name: Student.xlsx
2023-06-19 15:17:13,680INFO StudentServiceImpl:251-[]Content type: application/vnd.openxmlformats-officedocument.spreadsheetml.sheet
2023-06-19 15:17:13,989INFO StudentServiceImpl:252-[]File size: 9047 bytes
2023-06-19 15:17:14,173INFO StudentServiceImpl:253-[]File uploaded successfully
2023-06-19 15:17:16,382INFO StudentServiceImpl:250-[]File name: WhatsApp Image 2023-05-15 at 9.55.50 AM.jpeg
2023-06-19 15:17:16,623INFO StudentServiceImpl:251-[]Content type: image/jpeg
2023-06-19 15:17:16,887INFO StudentServiceImpl:252-[]File size: 89718 bytes
2023-06-19 15:17:17,062INFO StudentServiceImpl:253-[]File uploaded successfully
